\BOOKMARK [0][-]{chapter.1}{Introduzione}{}% 1
\BOOKMARK [1][-]{section.1.1}{Obiettivo\040di\040progetto}{chapter.1}% 2
\BOOKMARK [1][-]{section.1.2}{L'azienda:\040REA\040Robotics\040Srl}{chapter.1}% 3
\BOOKMARK [2][-]{subsection.1.2.1}{La\040Mission}{section.1.2}% 4
\BOOKMARK [2][-]{subsection.1.2.2}{Settori\040e\040applicazioni}{section.1.2}% 5
\BOOKMARK [2][-]{subsection.1.2.3}{Robot\040utilizzati}{section.1.2}% 6
\BOOKMARK [0][-]{chapter.2}{Fondamenti\040teorici\040sugli\040impianti\040di\040automazione\040e\040robotica\040industriale}{}% 7
\BOOKMARK [1][-]{section.2.1}{Contesto\040di\040Automazione\040industriale}{chapter.2}% 8
\BOOKMARK [1][-]{section.2.2}{Composizione\040di\040uno\040SCADA}{chapter.2}% 9
\BOOKMARK [1][-]{section.2.3}{Funzioni\040principali\040dello\040SCADA}{chapter.2}% 10
\BOOKMARK [1][-]{section.2.4}{Piattaforma\040SCADA\040e\040Strumenti\040Software\040per\040la\040progettazione}{chapter.2}% 11
\BOOKMARK [2][-]{subsection.2.4.1}{Lista\040Software\040utilizzati}{section.2.4}% 12
\BOOKMARK [2][-]{subsection.2.4.2}{\376\377\000S\000t\000r\000u\000t\000t\000u\000r\000a\000\040\000G\000e\000n\000e\000r\000a\000l\000e\000\040\000d\000i\000\040\000F\000a\000c\000t\000o\000r\000y\000T\000a\000l\000k\000\040\000O\000p\000t\000i\000x\041\042}{section.2.4}% 13
\BOOKMARK [0][-]{chapter.3}{Progettazione\040del\040sistema\040SCADA}{}% 14
\BOOKMARK [1][-]{section.3.1}{Analisi\040dei\040requisiti\040del\040cliente}{chapter.3}% 15
\BOOKMARK [1][-]{section.3.2}{Strutturazione\040HMI\040\(Human\040Machine\040Interface\)}{chapter.3}% 16
\BOOKMARK [2][-]{subsection.3.2.1}{Considerazioni\040tecniche\040sulla\040risoluzione}{section.3.2}% 17
\BOOKMARK [1][-]{section.3.3}{Gestione\040Database\040per\040la\040produzione}{chapter.3}% 18
\BOOKMARK [2][-]{subsection.3.3.1}{Anagrafica\040Articoli}{section.3.3}% 19
\BOOKMARK [2][-]{subsection.3.3.2}{Ordini\040di\040Produzione}{section.3.3}% 20
\BOOKMARK [2][-]{subsection.3.3.3}{Storici\040Produzione/Allarmi}{section.3.3}% 21
\BOOKMARK [2][-]{subsection.3.3.4}{Configurazione\040Database\040aziendale}{section.3.3}% 22
\BOOKMARK [1][-]{section.3.4}{Sviluppo\040back-end\040e\040integrazione\040con\040il\040PLC}{chapter.3}% 23
\BOOKMARK [2][-]{subsection.3.4.1}{Indicizzazione\040tag\040variabili}{section.3.4}% 24
\BOOKMARK [2][-]{subsection.3.4.2}{Sviluppo\040Macchina\040a\040Stati}{section.3.4}% 25
\BOOKMARK [0][-]{chapter.4}{Caso\040Studio:\040Isole\040robotizzate\040di\040piegatura}{}% 26
\BOOKMARK [1][-]{section.4.1}{Importazione\040Tag}{chapter.4}% 27
\BOOKMARK [1][-]{section.4.2}{Configurazione\040variabili}{chapter.4}% 28
\BOOKMARK [2][-]{subsection.4.2.1}{Gestione\040FTP\040Robot,\040FTP\040Pressa\040e\040passi\04050,\04055\040e\04060}{section.4.2}% 29
\BOOKMARK [0][-]{chapter.5}{Conclusioni}{}% 30
\BOOKMARK [0][-]{chapter*.22}{Bibliografia\040e\040Sitografia}{}% 31
